2023-06-30 03:31:26 - Starting ProjektApplication using Java 17.0.3 with PID 24412 (D:\ZTI\projekt\target\classes started by krach in D:\ZTI\projekt)
2023-06-30 03:31:26 - No active profile set, falling back to 1 default profile: "default"
2023-06-30 03:31:26 - Devtools property defaults active! Set 'spring.devtools.add-properties' to 'false' to disable
2023-06-30 03:31:26 - For additional web related logging consider setting the 'logging.level.web' property to 'DEBUG'
2023-06-30 03:31:26 - Bootstrapping Spring Data JPA repositories in DEFAULT mode.
2023-06-30 03:31:26 - Finished Spring Data repository scanning in 43 ms. Found 2 JPA repository interfaces.
2023-06-30 03:31:27 - Tomcat initialized with port(s): 8080 (http)
2023-06-30 03:31:27 - Starting service [Tomcat]
2023-06-30 03:31:27 - Starting Servlet engine: [Apache Tomcat/10.1.10]
2023-06-30 03:31:27 - Initializing Spring embedded WebApplicationContext
2023-06-30 03:31:27 - Root WebApplicationContext: initialization completed in 1082 ms
2023-06-30 03:31:27 - No LoadTimeWeaver setup: ignoring JPA class transformer
2023-06-30 03:31:27 - HikariPool-1 - maxLifetime is less than 30000ms, setting to default 1800000ms.
2023-06-30 03:31:27 - HikariPool-1 - Starting...
2023-06-30 03:31:28 - HikariPool-1 - Added connection org.postgresql.jdbc.PgConnection@59ea3dbd
2023-06-30 03:31:28 - HikariPool-1 - Start completed.
2023-06-30 03:31:30 - Initialized JPA EntityManagerFactory for persistence unit 'default'
2023-06-30 03:31:30 - spring.jpa.open-in-view is enabled by default. Therefore, database queries may be performed during view rendering. Explicitly configure spring.jpa.open-in-view to disable this warning
2023-06-30 03:31:30 - LiveReload server is running on port 35729
2023-06-30 03:31:30 - Tomcat started on port(s): 8080 (http) with context path ''
2023-06-30 03:31:30 - Started ProjektApplication in 4.743 seconds (process running for 5.197)
2023-06-30 03:31:35 - Initializing Spring DispatcherServlet 'dispatcherServlet'
2023-06-30 03:31:35 - Initializing Servlet 'dispatcherServlet'
2023-06-30 03:31:35 - Completed initialization in 0 ms
2023-06-30 03:32:38 - Closing JPA EntityManagerFactory for persistence unit 'default'
2023-06-30 03:32:38 - HikariPool-1 - Shutdown initiated...
2023-06-30 03:32:39 - HikariPool-1 - Shutdown completed.
2023-06-30 16:48:16 - Starting ProjektApplication using Java 17.0.3 with PID 21816 (D:\ZTI\projekt\target\classes started by krach in D:\ZTI\projekt)
2023-06-30 16:48:16 - No active profile set, falling back to 1 default profile: "default"
2023-06-30 16:48:16 - Devtools property defaults active! Set 'spring.devtools.add-properties' to 'false' to disable
2023-06-30 16:48:16 - For additional web related logging consider setting the 'logging.level.web' property to 'DEBUG'
2023-06-30 16:48:16 - Bootstrapping Spring Data JPA repositories in DEFAULT mode.
2023-06-30 16:48:16 - Finished Spring Data repository scanning in 55 ms. Found 2 JPA repository interfaces.
2023-06-30 16:48:17 - Tomcat initialized with port(s): 8080 (http)
2023-06-30 16:48:17 - Starting service [Tomcat]
2023-06-30 16:48:17 - Starting Servlet engine: [Apache Tomcat/10.1.10]
2023-06-30 16:48:17 - Initializing Spring embedded WebApplicationContext
2023-06-30 16:48:17 - Root WebApplicationContext: initialization completed in 1060 ms
2023-06-30 16:48:17 - No LoadTimeWeaver setup: ignoring JPA class transformer
2023-06-30 16:48:17 - HikariPool-1 - maxLifetime is less than 30000ms, setting to default 1800000ms.
2023-06-30 16:48:17 - HikariPool-1 - Starting...
2023-06-30 16:48:18 - HikariPool-1 - Added connection org.postgresql.jdbc.PgConnection@2e2ce50e
2023-06-30 16:48:18 - HikariPool-1 - Start completed.
2023-06-30 16:48:20 - Initialized JPA EntityManagerFactory for persistence unit 'default'
2023-06-30 16:48:20 - spring.jpa.open-in-view is enabled by default. Therefore, database queries may be performed during view rendering. Explicitly configure spring.jpa.open-in-view to disable this warning
2023-06-30 16:48:20 - LiveReload server is running on port 35729
2023-06-30 16:48:20 - Tomcat started on port(s): 8080 (http) with context path ''
2023-06-30 16:48:20 - Started ProjektApplication in 4.636 seconds (process running for 5.045)
2023-06-30 16:48:26 - Initializing Spring DispatcherServlet 'dispatcherServlet'
2023-06-30 16:48:26 - Initializing Servlet 'dispatcherServlet'
2023-06-30 16:48:26 - Completed initialization in 0 ms
2023-06-30 16:50:18 - Closing JPA EntityManagerFactory for persistence unit 'default'
2023-06-30 16:50:18 - HikariPool-1 - Shutdown initiated...
2023-06-30 16:50:18 - HikariPool-1 - Shutdown completed.
2023-06-30 16:50:24 - Starting ProjektApplication using Java 17.0.3 with PID 52112 (D:\ZTI\projekt\target\classes started by krach in D:\ZTI\projekt)
2023-06-30 16:50:24 - No active profile set, falling back to 1 default profile: "default"
2023-06-30 16:50:24 - Devtools property defaults active! Set 'spring.devtools.add-properties' to 'false' to disable
2023-06-30 16:50:24 - For additional web related logging consider setting the 'logging.level.web' property to 'DEBUG'
2023-06-30 16:50:25 - Bootstrapping Spring Data JPA repositories in DEFAULT mode.
2023-06-30 16:50:25 - Finished Spring Data repository scanning in 47 ms. Found 2 JPA repository interfaces.
2023-06-30 16:50:25 - Tomcat initialized with port(s): 8080 (http)
2023-06-30 16:50:25 - Starting service [Tomcat]
2023-06-30 16:50:25 - Starting Servlet engine: [Apache Tomcat/10.1.10]
2023-06-30 16:50:25 - Initializing Spring embedded WebApplicationContext
2023-06-30 16:50:25 - Root WebApplicationContext: initialization completed in 894 ms
2023-06-30 16:50:25 - No LoadTimeWeaver setup: ignoring JPA class transformer
2023-06-30 16:50:25 - HikariPool-1 - maxLifetime is less than 30000ms, setting to default 1800000ms.
2023-06-30 16:50:25 - HikariPool-1 - Starting...
2023-06-30 16:50:26 - HikariPool-1 - Added connection org.postgresql.jdbc.PgConnection@157e818b
2023-06-30 16:50:26 - HikariPool-1 - Start completed.
2023-06-30 16:50:28 - Initialized JPA EntityManagerFactory for persistence unit 'default'
2023-06-30 16:50:28 - spring.jpa.open-in-view is enabled by default. Therefore, database queries may be performed during view rendering. Explicitly configure spring.jpa.open-in-view to disable this warning
2023-06-30 16:50:28 - LiveReload server is running on port 35729
2023-06-30 16:50:28 - Tomcat started on port(s): 8080 (http) with context path ''
2023-06-30 16:50:28 - Started ProjektApplication in 4.183 seconds (process running for 4.559)
2023-06-30 16:50:35 - Initializing Spring DispatcherServlet 'dispatcherServlet'
2023-06-30 16:50:35 - Initializing Servlet 'dispatcherServlet'
2023-06-30 16:50:35 - Completed initialization in 1 ms
2023-06-30 16:50:35 - Entering Method: getAllExercises 
2023-06-30 16:50:35 - Entering Method: getAllTrainingSessions 
2023-06-30 16:50:35 - Exiting Method: getAllExercises 
2023-06-30 16:50:35 - Entering Method: getAllExercises 
2023-06-30 16:50:35 - Exiting Method: getAllExercises 
2023-06-30 16:50:35 - Entering Method: getAllExercises 
2023-06-30 16:50:35 - Exiting Method: getAllExercises 
2023-06-30 16:50:35 - Entering Method: getAllExercises 
2023-06-30 16:50:35 - Exiting Method: getAllExercises 
2023-06-30 16:50:35 - Entering Method: getAllExercises 
2023-06-30 16:50:36 - Exiting Method: getAllExercises 
2023-06-30 16:50:36 - Entering Method: getAllExercises 
2023-06-30 16:50:36 - Exiting Method: getAllExercises 
2023-06-30 16:50:36 - Exiting Method: getAllTrainingSessions 
2023-06-30 16:50:36 - Entering Method: getAllTrainingSessions 
2023-06-30 16:50:37 - Exiting Method: getAllTrainingSessions 
2023-06-30 16:50:37 - Entering Method: getAllTrainingSessions 
2023-06-30 16:50:38 - Exiting Method: getAllTrainingSessions 
2023-06-30 16:50:38 - Entering Method: getAllTrainingSessions 
2023-06-30 16:50:39 - Exiting Method: getAllTrainingSessions 
2023-06-30 16:50:50 - Closing JPA EntityManagerFactory for persistence unit 'default'
2023-06-30 16:50:50 - HikariPool-1 - Shutdown initiated...
2023-06-30 16:50:50 - HikariPool-1 - Shutdown completed.
2023-06-30 16:53:32 - Starting ProjektApplication using Java 17.0.3 with PID 1976 (D:\ZTI\projekt\target\classes started by krach in D:\ZTI\projekt)
2023-06-30 16:53:32 - No active profile set, falling back to 1 default profile: "default"
2023-06-30 16:53:32 - Devtools property defaults active! Set 'spring.devtools.add-properties' to 'false' to disable
2023-06-30 16:53:32 - For additional web related logging consider setting the 'logging.level.web' property to 'DEBUG'
2023-06-30 16:53:32 - Bootstrapping Spring Data JPA repositories in DEFAULT mode.
2023-06-30 16:53:32 - Finished Spring Data repository scanning in 27 ms. Found 2 JPA repository interfaces.
2023-06-30 16:53:32 - Tomcat initialized with port(s): 8080 (http)
2023-06-30 16:53:32 - Starting service [Tomcat]
2023-06-30 16:53:32 - Starting Servlet engine: [Apache Tomcat/10.1.10]
2023-06-30 16:53:32 - Initializing Spring embedded WebApplicationContext
2023-06-30 16:53:32 - Root WebApplicationContext: initialization completed in 819 ms
2023-06-30 16:53:33 - No LoadTimeWeaver setup: ignoring JPA class transformer
2023-06-30 16:53:33 - HikariPool-1 - maxLifetime is less than 30000ms, setting to default 1800000ms.
2023-06-30 16:53:33 - HikariPool-1 - Starting...
2023-06-30 16:53:33 - HikariPool-1 - Added connection org.postgresql.jdbc.PgConnection@6c5a1435
2023-06-30 16:53:33 - HikariPool-1 - Start completed.
2023-06-30 16:53:35 - Initialized JPA EntityManagerFactory for persistence unit 'default'
2023-06-30 16:53:35 - spring.jpa.open-in-view is enabled by default. Therefore, database queries may be performed during view rendering. Explicitly configure spring.jpa.open-in-view to disable this warning
2023-06-30 16:53:35 - LiveReload server is running on port 35729
2023-06-30 16:53:35 - Tomcat started on port(s): 8080 (http) with context path ''
2023-06-30 16:53:35 - Started ProjektApplication in 4.103 seconds (process running for 4.454)
2023-06-30 16:53:41 - Initializing Spring DispatcherServlet 'dispatcherServlet'
2023-06-30 16:53:41 - Initializing Servlet 'dispatcherServlet'
2023-06-30 16:53:41 - Completed initialization in 2 ms
2023-06-30 16:53:41 - Entering Method: getAllExercises 
2023-06-30 16:53:41 - Entering Method: getAllTrainingSessions 
2023-06-30 16:53:41 - Exiting Method: getAllExercises 
2023-06-30 16:53:41 - Entering Method: getAllExercises 
2023-06-30 16:53:41 - Exiting Method: getAllExercises 
2023-06-30 16:53:41 - Entering Method: getAllExercises 
2023-06-30 16:53:41 - Exiting Method: getAllExercises 
2023-06-30 16:53:41 - Entering Method: getAllExercises 
2023-06-30 16:53:41 - Exiting Method: getAllExercises 
2023-06-30 16:53:41 - Entering Method: getAllExercises 
2023-06-30 16:53:41 - Exiting Method: getAllExercises 
2023-06-30 16:53:41 - Entering Method: getAllExercises 
2023-06-30 16:53:42 - Exiting Method: getAllExercises 
2023-06-30 16:53:42 - Exiting Method: getAllTrainingSessions 
2023-06-30 16:53:42 - Entering Method: getAllTrainingSessions 
2023-06-30 16:53:43 - Exiting Method: getAllTrainingSessions 
2023-06-30 16:53:43 - Entering Method: getAllTrainingSessions 
2023-06-30 16:53:44 - Exiting Method: getAllTrainingSessions 
2023-06-30 16:53:44 - Entering Method: getAllTrainingSessions 
2023-06-30 16:53:45 - Exiting Method: getAllTrainingSessions 
2023-06-30 16:53:49 - Entering Method: getAllExercises 
2023-06-30 16:53:49 - Entering Method: getAllTrainingSessions 
2023-06-30 16:53:49 - Exiting Method: getAllExercises 
2023-06-30 16:53:49 - Entering Method: getAllExercises 
2023-06-30 16:53:49 - Exiting Method: getAllExercises 
2023-06-30 16:53:49 - Entering Method: getAllExercises 
2023-06-30 16:53:49 - Exiting Method: getAllExercises 
2023-06-30 16:53:49 - Entering Method: getAllExercises 
2023-06-30 16:53:49 - Exiting Method: getAllExercises 
2023-06-30 16:53:49 - Entering Method: getAllExercises 
2023-06-30 16:53:50 - Exiting Method: getAllExercises 
2023-06-30 16:53:50 - Entering Method: getAllExercises 
2023-06-30 16:53:50 - Exiting Method: getAllExercises 
2023-06-30 16:53:50 - Exiting Method: getAllTrainingSessions 
2023-06-30 16:53:50 - Entering Method: getAllTrainingSessions 
2023-06-30 16:53:51 - Exiting Method: getAllTrainingSessions 
2023-06-30 16:53:51 - Entering Method: getAllTrainingSessions 
2023-06-30 16:53:52 - Exiting Method: getAllTrainingSessions 
2023-06-30 16:53:52 - Entering Method: getAllTrainingSessions 
2023-06-30 16:53:53 - Exiting Method: getAllTrainingSessions 
2023-06-30 16:53:53 - Entering Method: getAllExercises 
2023-06-30 16:53:53 - Exiting Method: getAllExercises 
2023-06-30 16:54:59 - Closing JPA EntityManagerFactory for persistence unit 'default'
2023-06-30 16:54:59 - HikariPool-1 - Shutdown initiated...
2023-06-30 16:54:59 - HikariPool-1 - Shutdown completed.
2023-06-30 20:50:28 - Starting ProjektApplication using Java 17.0.3 with PID 54860 (D:\ZTI\projekt\target\classes started by krach in D:\ZTI\projekt)
2023-06-30 20:50:28 - No active profile set, falling back to 1 default profile: "default"
2023-06-30 20:50:28 - Devtools property defaults active! Set 'spring.devtools.add-properties' to 'false' to disable
2023-06-30 20:50:28 - For additional web related logging consider setting the 'logging.level.web' property to 'DEBUG'
2023-06-30 20:50:28 - Bootstrapping Spring Data JPA repositories in DEFAULT mode.
2023-06-30 20:50:28 - Finished Spring Data repository scanning in 28 ms. Found 2 JPA repository interfaces.
2023-06-30 20:50:29 - Tomcat initialized with port(s): 8080 (http)
2023-06-30 20:50:29 - Starting service [Tomcat]
2023-06-30 20:50:29 - Starting Servlet engine: [Apache Tomcat/10.1.10]
2023-06-30 20:50:29 - Initializing Spring embedded WebApplicationContext
2023-06-30 20:50:29 - Root WebApplicationContext: initialization completed in 833 ms
2023-06-30 20:50:29 - No LoadTimeWeaver setup: ignoring JPA class transformer
2023-06-30 20:50:29 - HikariPool-1 - maxLifetime is less than 30000ms, setting to default 1800000ms.
2023-06-30 20:50:29 - HikariPool-1 - Starting...
2023-06-30 20:50:30 - HikariPool-1 - Added connection org.postgresql.jdbc.PgConnection@16ff18e3
2023-06-30 20:50:30 - HikariPool-1 - Start completed.
2023-06-30 20:50:31 - Initialized JPA EntityManagerFactory for persistence unit 'default'
2023-06-30 20:50:31 - spring.jpa.open-in-view is enabled by default. Therefore, database queries may be performed during view rendering. Explicitly configure spring.jpa.open-in-view to disable this warning
2023-06-30 20:50:32 - LiveReload server is running on port 35729
2023-06-30 20:50:32 - Tomcat started on port(s): 8080 (http) with context path ''
2023-06-30 20:50:32 - Started ProjektApplication in 3.815 seconds (process running for 4.153)
2023-06-30 20:50:47 - Initializing Spring DispatcherServlet 'dispatcherServlet'
2023-06-30 20:50:47 - Initializing Servlet 'dispatcherServlet'
2023-06-30 20:50:47 - Completed initialization in 1 ms
2023-06-30 20:50:47 - Entering Method: getAllTrainingSessions 
2023-06-30 20:50:47 - Entering Method: getAllExercises 
2023-06-30 20:50:47 - Exiting Method: getAllExercises 
2023-06-30 20:50:47 - Entering Method: getAllExercises 
2023-06-30 20:50:47 - Exiting Method: getAllExercises 
2023-06-30 20:50:47 - Entering Method: getAllExercises 
2023-06-30 20:50:47 - Exiting Method: getAllExercises 
2023-06-30 20:50:47 - Entering Method: getAllExercises 
2023-06-30 20:50:48 - Exiting Method: getAllExercises 
2023-06-30 20:50:48 - Entering Method: getAllExercises 
2023-06-30 20:50:48 - Exiting Method: getAllExercises 
2023-06-30 20:50:48 - Entering Method: getAllExercises 
2023-06-30 20:50:48 - Exiting Method: getAllExercises 
2023-06-30 20:50:48 - Exiting Method: getAllTrainingSessions 
2023-06-30 20:50:48 - Entering Method: getAllTrainingSessions 
2023-06-30 20:50:49 - Exiting Method: getAllTrainingSessions 
2023-06-30 20:50:49 - Entering Method: getAllTrainingSessions 
2023-06-30 20:50:50 - Exiting Method: getAllTrainingSessions 
2023-06-30 20:50:50 - Entering Method: getAllTrainingSessions 
2023-06-30 20:50:51 - Exiting Method: getAllTrainingSessions 
2023-06-30 20:53:14 - Closing JPA EntityManagerFactory for persistence unit 'default'
2023-06-30 20:53:14 - HikariPool-1 - Shutdown initiated...
2023-06-30 20:53:14 - HikariPool-1 - Shutdown completed.
2023-06-30 21:03:47 - Starting ProjektApplication using Java 17.0.3 with PID 35536 (D:\ZTI\Backend\target\classes started by krach in D:\ZTI\Backend)
2023-06-30 21:03:47 - No active profile set, falling back to 1 default profile: "default"
2023-06-30 21:03:47 - Devtools property defaults active! Set 'spring.devtools.add-properties' to 'false' to disable
2023-06-30 21:03:47 - For additional web related logging consider setting the 'logging.level.web' property to 'DEBUG'
2023-06-30 21:03:47 - Bootstrapping Spring Data JPA repositories in DEFAULT mode.
2023-06-30 21:03:47 - Finished Spring Data repository scanning in 27 ms. Found 2 JPA repository interfaces.
2023-06-30 21:03:48 - Tomcat initialized with port(s): 8080 (http)
2023-06-30 21:03:48 - Starting service [Tomcat]
2023-06-30 21:03:48 - Starting Servlet engine: [Apache Tomcat/10.1.10]
2023-06-30 21:03:48 - Initializing Spring embedded WebApplicationContext
2023-06-30 21:03:48 - Root WebApplicationContext: initialization completed in 847 ms
2023-06-30 21:03:48 - No LoadTimeWeaver setup: ignoring JPA class transformer
2023-06-30 21:03:48 - HikariPool-1 - maxLifetime is less than 30000ms, setting to default 1800000ms.
2023-06-30 21:03:48 - HikariPool-1 - Starting...
2023-06-30 21:03:49 - HikariPool-1 - Added connection org.postgresql.jdbc.PgConnection@243beb5a
2023-06-30 21:03:49 - HikariPool-1 - Start completed.
2023-06-30 21:03:50 - Initialized JPA EntityManagerFactory for persistence unit 'default'
2023-06-30 21:03:50 - spring.jpa.open-in-view is enabled by default. Therefore, database queries may be performed during view rendering. Explicitly configure spring.jpa.open-in-view to disable this warning
2023-06-30 21:03:50 - LiveReload server is running on port 35729
2023-06-30 21:03:50 - Tomcat started on port(s): 8080 (http) with context path ''
2023-06-30 21:03:50 - Started ProjektApplication in 3.945 seconds (process running for 4.285)
2023-06-30 21:03:55 - Initializing Spring DispatcherServlet 'dispatcherServlet'
2023-06-30 21:03:55 - Initializing Servlet 'dispatcherServlet'
2023-06-30 21:03:55 - Completed initialization in 0 ms
2023-06-30 21:03:55 - Entering Method: getAllExercises 
2023-06-30 21:03:55 - Entering Method: getAllTrainingSessions 
2023-06-30 21:03:55 - Exiting Method: getAllExercises 
2023-06-30 21:03:55 - Entering Method: getAllExercises 
2023-06-30 21:03:55 - Exiting Method: getAllExercises 
2023-06-30 21:03:55 - Entering Method: getAllExercises 
2023-06-30 21:03:55 - Exiting Method: getAllExercises 
2023-06-30 21:03:55 - Entering Method: getAllExercises 
2023-06-30 21:03:55 - Exiting Method: getAllExercises 
2023-06-30 21:03:55 - Entering Method: getAllExercises 
2023-06-30 21:03:56 - Exiting Method: getAllExercises 
2023-06-30 21:03:56 - Entering Method: getAllExercises 
2023-06-30 21:03:56 - Exiting Method: getAllExercises 
2023-06-30 21:03:56 - Exiting Method: getAllTrainingSessions 
2023-06-30 21:03:56 - Entering Method: getAllTrainingSessions 
2023-06-30 21:03:57 - Exiting Method: getAllTrainingSessions 
2023-06-30 21:03:57 - Entering Method: getAllTrainingSessions 
2023-06-30 21:03:58 - Exiting Method: getAllTrainingSessions 
2023-06-30 21:03:58 - Entering Method: getAllTrainingSessions 
2023-06-30 21:03:59 - Exiting Method: getAllTrainingSessions 
2023-06-30 21:08:36 - Entering Method: getAllExercises 
2023-06-30 21:08:36 - Entering Method: getAllTrainingSessions 
2023-06-30 21:08:36 - Exiting Method: getAllExercises 
2023-06-30 21:08:36 - Entering Method: getAllExercises 
2023-06-30 21:08:36 - Exiting Method: getAllExercises 
2023-06-30 21:08:36 - Entering Method: getAllExercises 
2023-06-30 21:08:36 - Exiting Method: getAllExercises 
2023-06-30 21:08:36 - Entering Method: getAllExercises 
2023-06-30 21:08:36 - Exiting Method: getAllExercises 
2023-06-30 21:08:36 - Entering Method: getAllExercises 
2023-06-30 21:08:37 - Exiting Method: getAllExercises 
2023-06-30 21:08:37 - Entering Method: getAllExercises 
2023-06-30 21:08:37 - Exiting Method: getAllExercises 
2023-06-30 21:08:37 - Exiting Method: getAllTrainingSessions 
2023-06-30 21:08:37 - Entering Method: getAllTrainingSessions 
2023-06-30 21:08:38 - Exiting Method: getAllTrainingSessions 
2023-06-30 21:08:38 - Entering Method: getAllTrainingSessions 
2023-06-30 21:08:39 - Exiting Method: getAllTrainingSessions 
2023-06-30 21:08:39 - Entering Method: getAllTrainingSessions 
2023-06-30 21:08:40 - Exiting Method: getAllTrainingSessions 
